<html>
<body>
<pre>
<h1>µVision Build Log</h1>
<h2>Tool Versions:</h2>
IDE-Version: µVision V5.34.0.0
Copyright (C) 2021 ARM Ltd and ARM Germany GmbH. All rights reserved.
License Information: nam dinh, davinci, LIC=KIVNB-2DKBG-PHY89-497YM-PF18N-YPIAN
 
Tool Versions:
Toolchain:       MDK-ARM Professional  Version: 5.34.0.0
Toolchain Path:  C:\Keil_v5\ARM\ARMCC\Bin
C Compiler:      Armcc.exe V5.06 update 7 (build 960)
Assembler:       Armasm.exe V5.06 update 7 (build 960)
Linker/Locator:  ArmLink.exe V5.06 update 7 (build 960)
Library Manager: ArmAr.exe V5.06 update 7 (build 960)
Hex Converter:   FromElf.exe V5.06 update 7 (build 960)
CPU DLL:         SARMCM3.DLL V5.34.0.0
Dialog DLL:      DCM.DLL V1.17.3.0
Target DLL:      STLink\ST-LINKIII-KEIL_SWO.dll V3.0.8.0
Dialog DLL:      TCM.DLL V1.48.0.0
 
<h2>Project:</h2>
E:\Projects\CNCMini\step_motor\MDK-ARM\step_motor.uvprojx
Project File Date:  06/24/2024

<h2>Output:</h2>
*** Using Compiler 'V5.06 update 7 (build 960)', folder: 'C:\Keil_v5\ARM\ARMCC\Bin'
Rebuild target 'step_motor'
assembling startup_stm32f103xb.s...
compiling stm32f1xx_it.c...
../Core/Inc/step_motor.h(74): error:  #20: identifier "DIRECT_TYPE" is undefined
  void stepmotor_set_rotate_direct(STEPMOTOR_STRUCT *stepmotor, DIRECT_TYPE rotate_direct);
../Core/Src/stm32f1xx_it.c: 0 warnings, 1 error
compiling step_motor.c...
../Core/Inc/step_motor.h(74): error:  #20: identifier "DIRECT_TYPE" is undefined
  void stepmotor_set_rotate_direct(STEPMOTOR_STRUCT *stepmotor, DIRECT_TYPE rotate_direct);
..\Core\Src\step_motor.c(209): error:  #20: identifier "STEPNUM" is undefined
  	for(int i=1; i<STEPNUM; i++)
..\Core\Src\step_motor.c(215): error:  #20: identifier "STEPNUM" is undefined
  	for(int i=STEPNUM-1; i>=1; i--)
..\Core\Src\step_motor.c: 0 warnings, 3 errors
compiling main.c...
../Core/Inc/step_motor.h(74): error:  #20: identifier "DIRECT_TYPE" is undefined
  void stepmotor_set_rotate_direct(STEPMOTOR_STRUCT *stepmotor, DIRECT_TYPE rotate_direct);
../Core/Src/main.c: 0 warnings, 1 error
compiling stm32f1xx_hal_gpio_ex.c...
compiling my_uart.c...
compiling my_pwm.c...
compiling stm32f1xx_hal_msp.c...
compiling servo.c...
compiling stm32f1xx_hal.c...
compiling stm32f1xx_hal_tim.c...
compiling stm32f1xx_hal_tim_ex.c...
compiling stm32f1xx_hal_cortex.c...
compiling stm32f1xx_hal_rcc_ex.c...
compiling stm32f1xx_hal_dma.c...
compiling stm32f1xx_hal_gpio.c...
compiling stm32f1xx_hal_rcc.c...
compiling retarget_io.c...
compiling stm32f1xx_hal_pwr.c...
compiling stm32f1xx_hal_flash.c...
compiling system_stm32f1xx.c...
compiling stm32f1xx_hal_exti.c...
compiling stm32f1xx_hal_flash_ex.c...
compiling stm32f1xx_hal_uart.c...
"step_motor\step_motor.axf" - 5 Error(s), 0 Warning(s).

<h2>Software Packages used:</h2>

Package Vendor: ARM
                http://www.keil.com/pack/ARM.CMSIS.5.7.0.pack
                ARM.CMSIS.5.7.0
                CMSIS (Cortex Microcontroller Software Interface Standard)
   * Component: CORE Version: 5.4.0

Package Vendor: Keil
                http://www.keil.com/pack/Keil.ARM_Compiler.1.6.3.pack
                Keil.ARM_Compiler.1.6.3
                Keil ARM Compiler extensions for ARM Compiler 5 and ARM Compiler 6
   * Component: STDOUT Variant: Breakpoint Version: 1.2.0

Package Vendor: Keil
                https://www.keil.com/pack/Keil.STM32F1xx_DFP.2.4.1.pack
                Keil.STM32F1xx_DFP.2.4.1
                STMicroelectronics STM32F1 Series Device Support, Drivers and Examples

<h2>Collection of Component include folders:</h2>
  .\RTE\_step_motor
  C:\Users\dinhv\AppData\Local\Arm\Packs\ARM\CMSIS\5.7.0\CMSIS\Core\Include
  C:\Users\dinhv\AppData\Local\Arm\Packs\Keil\STM32F1xx_DFP\2.4.1\Device\Include

<h2>Collection of Component Files used:</h2>

   * Component: ARM::CMSIS:CORE:5.4.0
      Include file:  CMSIS\Core\Include\tz_context.h

   * Component: Keil.ARM Compiler::Compiler:I/O:STDOUT:Breakpoint:1.2.0
      Source file:   Source\retarget_io.c
Target not created.
Build Time Elapsed:  00:00:17
</pre>
</body>
</html>
